2025-05-01 19:01:03,880 ERROR TeleBot Infinity polling: polling exited
2025-05-01 19:01:03,880 ERROR TeleBot Break infinity polling
2025-05-01 19:27:17,715 ERROR root Ошибка загрузки graph.png: [5] User authorization failed: invalid access_token (4).
2025-05-01 19:27:36,506 ERROR TeleBot Infinity polling: polling exited
2025-05-01 19:27:36,507 ERROR TeleBot Break infinity polling
2025-05-01 19:32:42,477 ERROR TeleBot Infinity polling: polling exited
2025-05-01 19:32:42,477 ERROR TeleBot Break infinity polling
2025-05-01 19:40:29,346 ERROR TeleBot Infinity polling: polling exited
2025-05-01 19:40:29,346 ERROR TeleBot Break infinity polling
2025-05-01 20:17:17,196 WARNING root Случайный текст пользователя: asd
2025-05-01 20:17:17,432 WARNING root Случайный текст пользователя: a
2025-05-01 20:17:17,627 WARNING root Случайный текст пользователя: sd
2025-05-01 20:17:17,878 WARNING root Случайный текст пользователя: a
2025-05-01 20:17:18,030 WARNING root Случайный текст пользователя: d
2025-05-01 20:17:18,307 WARNING root Случайный текст пользователя: saaa
2025-05-01 20:17:18,469 WARNING root Случайный текст пользователя: da
2025-05-01 20:17:18,598 WARNING root Случайный текст пользователя: d
2025-05-01 20:17:18,746 WARNING root Случайный текст пользователя: a
2025-05-01 20:17:19,024 WARNING root Случайный текст пользователя: d
2025-05-01 20:17:19,158 WARNING root Случайный текст пользователя: sd
2025-05-01 20:17:19,626 WARNING root Случайный текст пользователя: sa
2025-05-01 20:17:19,762 WARNING root Случайный текст пользователя: da
2025-05-01 20:17:19,890 WARNING root Случайный текст пользователя: sd
2025-05-01 20:17:20,165 WARNING root Случайный текст пользователя: as
2025-05-01 20:17:20,301 WARNING root Случайный текст пользователя: da
2025-05-01 20:17:20,440 WARNING root Случайный текст пользователя: sdd
2025-05-01 20:17:20,722 WARNING root Случайный текст пользователя: a
2025-05-01 20:17:20,887 WARNING root Случайный текст пользователя: d
2025-05-01 20:17:21,002 WARNING root Случайный текст пользователя: ad
2025-05-01 20:17:21,128 WARNING root Случайный текст пользователя: a
2025-05-01 20:17:21,412 WARNING root Случайный текст пользователя: ssd
2025-05-01 20:17:21,536 WARNING root Случайный текст пользователя: asd
2025-05-01 20:17:21,681 WARNING root Случайный текст пользователя: a
2025-05-01 20:17:21,999 WARNING root Случайный текст пользователя: dd
2025-05-01 20:17:22,150 WARNING root Случайный текст пользователя: sad
2025-05-01 20:17:22,325 WARNING root Случайный текст пользователя: a
2025-05-01 20:17:22,468 WARNING root Случайный текст пользователя: sd
2025-05-01 20:17:22,598 WARNING root Случайный текст пользователя: asd
2025-05-01 20:17:22,792 WARNING root Случайный текст пользователя: as
2025-05-01 20:17:22,965 WARNING root Случайный текст пользователя: sd
2025-05-01 20:17:23,233 WARNING root Случайный текст пользователя: asd
2025-05-01 20:17:23,484 WARNING root Случайный текст пользователя: as
2025-05-01 20:17:23,635 WARNING root Случайный текст пользователя: d
2025-05-01 20:17:23,788 WARNING root Случайный текст пользователя: asd
2025-05-01 20:17:23,938 WARNING root Случайный текст пользователя: as
2025-05-01 20:17:24,093 WARNING root Случайный текст пользователя: d
2025-05-01 20:17:24,214 WARNING root Случайный текст пользователя: asd
2025-05-01 20:17:24,468 WARNING root Случайный текст пользователя: as
2025-05-01 20:17:24,747 WARNING root Обнаружен спам от пользователя 2118400109
2025-05-01 20:17:25,455 WARNING root Обнаружен спам от пользователя 2118400109
2025-05-01 20:17:25,577 WARNING root Обнаружен спам от пользователя 2118400109
2025-05-01 20:17:25,692 WARNING root Обнаружен спам от пользователя 2118400109
2025-05-01 20:17:25,723 WARNING root Обнаружен спам от пользователя 2118400109
2025-05-01 20:17:26,474 WARNING root Обнаружен спам от пользователя 2118400109
2025-05-01 20:17:26,633 WARNING root Обнаружен спам от пользователя 2118400109
2025-05-01 20:17:26,898 WARNING root Обнаружен спам от пользователя 2118400109
2025-05-01 20:17:27,096 WARNING root Обнаружен спам от пользователя 2118400109
2025-05-01 20:17:27,195 WARNING root Обнаружен спам от пользователя 2118400109
2025-05-01 20:17:27,519 WARNING root Обнаружен спам от пользователя 2118400109
2025-05-01 20:17:27,663 WARNING root Обнаружен спам от пользователя 2118400109
2025-05-01 20:17:27,829 WARNING root Обнаружен спам от пользователя 2118400109
2025-05-01 20:17:28,094 WARNING root Обнаружен спам от пользователя 2118400109
2025-05-01 20:17:28,222 WARNING root Обнаружен спам от пользователя 2118400109
2025-05-01 20:17:28,331 WARNING root Обнаружен спам от пользователя 2118400109
2025-05-01 20:17:28,457 WARNING root Обнаружен спам от пользователя 2118400109
2025-05-01 20:17:29,787 WARNING root Обнаружен спам от пользователя 2118400109
2025-05-01 20:17:38,635 ERROR TeleBot Infinity polling: polling exited
2025-05-01 20:17:38,635 ERROR TeleBot Break infinity polling
2025-05-01 20:17:50,527 ERROR TeleBot Infinity polling: polling exited
2025-05-01 20:17:50,527 ERROR TeleBot Break infinity polling
2025-05-01 20:17:57,174 WARNING root Случайный текст пользователя: 123
2025-05-01 20:17:57,960 WARNING root Случайный текст пользователя: 12
2025-05-01 20:17:58,576 WARNING root Случайный текст пользователя: asd
2025-05-01 20:17:59,090 WARNING root Случайный текст пользователя: d
2025-05-01 20:17:59,297 WARNING root Случайный текст пользователя: d
2025-05-01 20:17:59,583 WARNING root Случайный текст пользователя: s
2025-05-01 20:17:59,854 WARNING root Случайный текст пользователя: ad
2025-05-01 20:18:00,141 WARNING root Случайный текст пользователя: asd
2025-05-01 20:18:00,436 WARNING root Случайный текст пользователя: a
2025-05-01 20:18:01,003 WARNING root Обнаружен спам от пользователя 2118400109
2025-05-01 20:18:01,572 WARNING root Обнаружен спам от пользователя 2118400109
2025-05-01 20:19:06,646 WARNING root Случайный текст пользователя: h
2025-05-01 20:19:12,647 ERROR TeleBot Infinity polling: polling exited
2025-05-01 20:19:12,647 ERROR TeleBot Break infinity polling
